<?xml version="1.0" encoding="utf-8"?><testsuites><testsuite name="pytest" errors="0" failures="3" skipped="6" tests="13" time="1.041" timestamp="2022-05-22T11:37:45.272940" hostname="MSI"><testcase classname="src.supercalc.__init__" name="PYLINT" time="0.001"><failure message="F:  1, 0: No module named src/supercalc/__init__.py (fatal)">F:  1, 0: No module named src/supercalc/__init__.py (fatal)</failure></testcase><testcase classname="src.supercalc.__init__" name="YAPF" time="0.009" /><testcase classname="src.supercalc.__init__.flake-8" name="FLAKE8" time="0.157" /><testcase classname="src.supercalc.__init__" name="mypy" time="0.758" /><testcase classname="src.supercalc.__init__" name="mypy-status" time="0.000"><failure message="mypy exited with status 1.">mypy exited with status 1.</failure></testcase><testcase classname="src.supercalc.cli" name="PYLINT" time="0.002"><skipped type="pytest.skip" message="file(s) previously passed pylint checks">/home/hoangledoan/python2022/venv/lib/python3.10/site-packages/pytest_pylint/plugin.py:340: file(s) previously passed pylint checks</skipped></testcase><testcase classname="src.supercalc.cli" name="YAPF" time="0.000"><skipped type="pytest.skip" message="file(s) previously passed yapf checks">/home/hoangledoan/python2022/venv/lib/python3.10/site-packages/pytest_yapf3/__init__.py:114: file(s) previously passed yapf checks</skipped></testcase><testcase classname="src.supercalc.cli.flake-8" name="FLAKE8" time="0.000"><skipped type="pytest.skip" message="file(s) previously passed FLAKE8 checks">/home/hoangledoan/python2022/venv/lib/python3.10/site-packages/pytest_flake8.py:130: file(s) previously passed FLAKE8 checks</skipped></testcase><testcase classname="src.supercalc.cli" name="mypy" time="0.000" /><testcase classname="src.supercalc.logic" name="PYLINT" time="0.000"><skipped type="pytest.skip" message="file(s) previously passed pylint checks">/home/hoangledoan/python2022/venv/lib/python3.10/site-packages/pytest_pylint/plugin.py:340: file(s) previously passed pylint checks</skipped></testcase><testcase classname="src.supercalc.logic" name="YAPF" time="0.000"><skipped type="pytest.skip" message="file(s) previously passed yapf checks">/home/hoangledoan/python2022/venv/lib/python3.10/site-packages/pytest_yapf3/__init__.py:114: file(s) previously passed yapf checks</skipped></testcase><testcase classname="src.supercalc.logic.flake-8" name="FLAKE8" time="0.000"><skipped type="pytest.skip" message="file(s) previously passed FLAKE8 checks">/home/hoangledoan/python2022/venv/lib/python3.10/site-packages/pytest_flake8.py:130: file(s) previously passed FLAKE8 checks</skipped></testcase><testcase classname="src.supercalc.logic" name="mypy" time="0.001"><failure message="70: error: Incompatible return value type (got &quot;None&quot;, expected &quot;float&quot;)">70: error: Incompatible return value type (got "None", expected "float")</failure></testcase></testsuite></testsuites>