<?xml version="1.0" encoding="utf-8"?><testsuites><testsuite name="pytest" errors="0" failures="9" skipped="0" tests="13" time="3.145" timestamp="2022-05-22T14:55:23.091136" hostname="MSI"><testcase classname="src.supercalc.__init__" name="PYLINT" time="0.001"><failure message="F:  1, 0: No module named src/supercalc/__init__.py (fatal)">F:  1, 0: No module named src/supercalc/__init__.py (fatal)</failure></testcase><testcase classname="src.supercalc.__init__" name="YAPF" time="0.009" /><testcase classname="src.supercalc.__init__.flake-8" name="FLAKE8" time="0.184" /><testcase classname="src.supercalc.__init__" name="mypy" time="2.200" /><testcase classname="src.supercalc.__init__" name="mypy-status" time="0.001"><failure message="mypy exited with status 1.">mypy exited with status 1.</failure></testcase><testcase classname="src.supercalc.cli" name="PYLINT" time="0.119"><failure message="F:  1, 0: No module named src/supercalc/cli.py (fatal)">F:  1, 0: No module named src/supercalc/cli.py (fatal)</failure></testcase><testcase classname="src.supercalc.cli" name="YAPF" time="0.026"><failure message="ERROR: /home/hoangledoan/python2022/src/supercalc/cli.py YAPF diff: +1/-0 lines">ERROR: /home/hoangledoan/python2022/src/supercalc/cli.py YAPF diff: +1/-0 lines</failure></testcase><testcase classname="src.supercalc.cli.flake-8" name="FLAKE8" time="0.059"><failure message="/home/hoangledoan/python2022/src/supercalc/cli.py:38:1: E305 expected 2 blank lines after class or function definition, found 1&#10;/home/hoangledoan/python2022/src/supercalc/cli.py:38:7: W292 no newline at end of file&#10;">/home/hoangledoan/python2022/src/supercalc/cli.py:38:1: E305 expected 2 blank lines after class or function definition, found 1
/home/hoangledoan/python2022/src/supercalc/cli.py:38:7: W292 no newline at end of file
</failure></testcase><testcase classname="src.supercalc.cli" name="mypy" time="0.001" /><testcase classname="src.supercalc.logic" name="PYLINT" time="0.000"><failure message="F:  1, 0: No module named src/supercalc/logic.py (fatal)">F:  1, 0: No module named src/supercalc/logic.py (fatal)</failure></testcase><testcase classname="src.supercalc.logic" name="YAPF" time="0.037"><failure message="ERROR: /home/hoangledoan/python2022/src/supercalc/logic.py YAPF diff: +0/-1 lines">ERROR: /home/hoangledoan/python2022/src/supercalc/logic.py YAPF diff: +0/-1 lines</failure></testcase><testcase classname="src.supercalc.logic.flake-8" name="FLAKE8" time="0.371"><failure message="/home/hoangledoan/python2022/src/supercalc/logic.py:5:1: F401 'numpy.number' imported but unused&#10;/home/hoangledoan/python2022/src/supercalc/logic.py:5:1: TC002 Move third-party import 'numpy.number' into a type-checking block&#10;/home/hoangledoan/python2022/src/supercalc/logic.py:6:1: I004 isort found an unexpected blank line in imports&#10;">/home/hoangledoan/python2022/src/supercalc/logic.py:5:1: F401 'numpy.number' imported but unused
/home/hoangledoan/python2022/src/supercalc/logic.py:5:1: TC002 Move third-party import 'numpy.number' into a type-checking block
/home/hoangledoan/python2022/src/supercalc/logic.py:6:1: I004 isort found an unexpected blank line in imports
</failure></testcase><testcase classname="src.supercalc.logic" name="mypy" time="0.001"><failure message="135: error: Incompatible types in assignment (expression has type &quot;None&quot;, variable has type &quot;float&quot;)">135: error: Incompatible types in assignment (expression has type "None", variable has type "float")</failure></testcase></testsuite></testsuites>